<?xml version="1.0" encoding="UTF-8"?>
<!-- Generated by org.testng.reporters.JUnitReportReporter -->
<testsuite hostname="DESKTOP-KV4UD3M" failures="0" tests="1" name="MuraliCompany.ExtentReports.ExtentReportsDemo" time="6.667" errors="0" timestamp="2024-09-07T23:42:09 IST" skipped="0">
  <testcase classname="MuraliCompany.ExtentReports.ExtentReportsDemo" name="intialize" time="6.667"/>
</testsuite> <!-- MuraliCompany.ExtentReports.ExtentReportsDemo -->
